#
# A fatal error has been detected by the Java Runtime Environment:
#
#  EXCEPTION_ACCESS_VIOLATION (0xc0000005) at pc=0x00007ffa294e89c2, pid=16704, tid=33748
#
# JRE version: OpenJDK Runtime Environment Temurin-17.0.6+10 (17.0.6+10) (build 17.0.6+10)
# Java VM: OpenJDK 64-Bit Server VM Temurin-17.0.6+10 (17.0.6+10, mixed mode, tiered, compressed oops, compressed class ptrs, g1 gc, windows-amd64)
# Problematic frame:
# C  [nvoglv64.dll+0xbf89c2]
#
# No core dump will be written. Minidumps are not enabled by default on client versions of Windows
#
# If you would like to submit a bug report, please visit:
#   https://github.com/adoptium/adoptium-support/issues
# The crash happened outside the Java Virtual Machine in native code.
# See problematic frame for where to report the bug.
#

---------------  S U M M A R Y ------------

Command Line: -Dfile.encoding=UTF-8 -XX:+ShowCodeDetailsInExceptionMessages com.mygdx.game.DesktopLauncher

Host: Intel(R) Core(TM) i7-8550U CPU @ 1.80GHz, 8 cores, 15G,  Windows 11 , 64 bit Build 22621 (10.0.22621.1635)
Time: Tue Jun 13 23:42:02 2023 Hora estándar oeste, Sudamérica elapsed time: 15.598502 seconds (0d 0h 0m 15s)

---------------  T H R E A D  ---------------

Current thread (0x00000202c60a4480):  JavaThread "main" [_thread_in_native, id=33748, stack(0x000000739ec00000,0x000000739ed00000)]

Stack: [0x000000739ec00000,0x000000739ed00000],  sp=0x000000739ecff070,  free space=1020k
Native frames: (J=compiled Java code, j=interpreted, Vv=VM code, C=native code)
C  [nvoglv64.dll+0xbf89c2]

Java frames: (J=compiled Java code, j=interpreted, Vv=VM code)
J 1250  org.lwjgl.opengl.GL11C.nglDrawElements(IIIJ)V (0 bytes) @ 0x00000202d129d8f6 [0x00000202d129d8a0+0x0000000000000056]
J 1995 c2 com.badlogic.gdx.graphics.Mesh.render(Lcom/badlogic/gdx/graphics/glutils/ShaderProgram;IIIZ)V (323 bytes) @ 0x00000202d12faa7c [0x00000202d12fa8c0+0x00000000000001bc]
J 1996 c2 com.badlogic.gdx.graphics.g2d.SpriteBatch.flush()V (193 bytes) @ 0x00000202d12fd8dc [0x00000202d12fd5a0+0x000000000000033c]
J 1274 c1 com.badlogic.gdx.graphics.g2d.SpriteBatch.draw(Lcom/badlogic/gdx/graphics/g2d/TextureRegion;FFFF)V (307 bytes) @ 0x00000202c99850cc [0x00000202c9984e80+0x000000000000024c]
J 1280 c1 com.badlogic.gdx.graphics.g2d.SpriteBatch.draw(Lcom/badlogic/gdx/graphics/g2d/TextureRegion;FF)V (18 bytes) @ 0x00000202c9987484 [0x00000202c99872c0+0x00000000000001c4]
J 1423 c1 com.mygdx.game.EscapeRoom.renderMonster2(Lcom/badlogic/gdx/graphics/g2d/SpriteBatch;)V (36 bytes) @ 0x00000202c99d2384 [0x00000202c99d21c0+0x00000000000001c4]
J 1375 c1 com.mygdx.game.EscapeRoom.render()V (865 bytes) @ 0x00000202c99a98c4 [0x00000202c99a9060+0x0000000000000864]
J 1386 c1 com.badlogic.gdx.backends.lwjgl3.Lwjgl3Window.update()Z (217 bytes) @ 0x00000202c99b6b0c [0x00000202c99b5c40+0x0000000000000ecc]
j  com.badlogic.gdx.backends.lwjgl3.Lwjgl3Application.loop()V+111
j  com.badlogic.gdx.backends.lwjgl3.Lwjgl3Application.<init>(Lcom/badlogic/gdx/ApplicationListener;Lcom/badlogic/gdx/backends/lwjgl3/Lwjgl3ApplicationConfiguration;)V+269
j  com.mygdx.game.DesktopLauncher.main([Ljava/lang/String;)V+19
v  ~StubRoutines::call_stub

siginfo: EXCEPTION_ACCESS_VIOLATION (0xc0000005), reading address 0x00000202e7aacdfa


Register to memory mapping:

RIP=0x00007ffa294e89c2 nvoglv64.dll
RAX=0x00000045be1feb03 is an unknown value
RBX=0x00000202e7aacdf0 is an unknown value
RCX=0x0 is NULL
RDX=0x0000013542dc9239 is an unknown value
RSP=0x000000739ecff070 is pointing into the stack for thread: 0x00000202c60a4480
RBP=0x00000202e8ed8080 points into unknown readable memory: 0x0000000000000000 | 00 00 00 00 00 00 00 00
RSI=0x0000000000000006 is an unknown value
RDI=0x0000000000000001 is an unknown value
R8 =0x0000000000000011 is an unknown value
R9 =0x0 is NULL
R10=0x00000000546c6148 is an unknown value
R11=0x000001842a629bed is an unknown value
R12=0x0000000000001403 is an unknown value
R13=0x0000000000001403 is an unknown value
R14=0x000000739ecff210 is pointing into the stack for thread: 0x00000202c60a4480
R15=0x00000202e7aacdf0 is an unknown value


Registers:
RAX=0x00000045be1feb03, RBX=0x00000202e7aacdf0, RCX=0x0000000000000000, RDX=0x0000013542dc9239
RSP=0x000000739ecff070, RBP=0x00000202e8ed8080, RSI=0x0000000000000006, RDI=0x0000000000000001
R8 =0x0000000000000011, R9 =0x0000000000000000, R10=0x00000000546c6148, R11=0x000001842a629bed
R12=0x0000000000001403, R13=0x0000000000001403, R14=0x000000739ecff210, R15=0x00000202e7aacdf0
RIP=0x00007ffa294e89c2, EFLAGS=0x0000000000010246

Top of Stack: (sp=0x000000739ecff070)
0x000000739ecff070:   000000000000000c 000000739ecff0f0
0x000000739ecff080:   0000000000000000 00000202d12bad96
0x000000739ecff090:   0000000000000010 000000739ecff100
0x000000739ecff0a0:   0000000000000001 00000202f1d3a700
0x000000739ecff0b0:   0000000000000000 00000202f1d3a700
0x000000739ecff0c0:   00000202e7af0470 000000000000000b
0x000000739ecff0d0:   00000202e8ed8080 00000202e7aacdf0
0x000000739ecff0e0:   000000739ecff210 0000000000001403
0x000000739ecff0f0:   00000202e8ed8080 0000000000000004
0x000000739ecff100:   0000000000000006 000000739ecff220
0x000000739ecff110:   0000000000000000 00007ffa29141126
0x000000739ecff120:   00000202e8ed8ed8 0000000000000004
0x000000739ecff130:   0000000000000000 0000020200000000
0x000000739ecff140:   000002020000000c 0000000000001403
0x000000739ecff150:   00000202e7aacdf0 0000020200000000
0x000000739ecff160:   0000000000000000 00000202e7a9956c 

Instructions: (pc=0x00007ffa294e89c2)
0x00007ffa294e88c2:   e1 03 48 89 94 24 b0 00 00 00 d3 e3 44 8b 52 14
0x00007ffa294e88d2:   8b 42 18 41 f7 d2 44 23 52 0c 41 0b c2 89 9c 24
0x00007ffa294e88e2:   d0 00 00 00 f7 d0 23 42 10 80 7a 1e 00 0f 85 db
0x00007ffa294e88f2:   08 00 00 80 bd dc ec 55 00 00 0f 85 ce 08 00 00
0x00007ffa294e8902:   85 f6 0f 8e c6 08 00 00 3b 9d e8 ee 55 00 0f 8f
0x00007ffa294e8912:   ba 08 00 00 83 7a 08 00 0f 85 b0 08 00 00 80 7a
0x00007ffa294e8922:   1d 00 0f 85 a6 08 00 00 80 7a 1c 00 0f 85 9c 08
0x00007ffa294e8932:   00 00 80 bd e5 38 55 00 00 0f 85 8f 08 00 00 80
0x00007ffa294e8942:   bd ec 38 55 00 00 0f 85 82 08 00 00 a9 00 00 03
0x00007ffa294e8952:   00 0f 85 77 08 00 00 44 0b d0 44 85 52 20 0f 85
0x00007ffa294e8962:   6a 08 00 00 48 89 bc 24 80 00 00 00 48 8d 8d 40
0x00007ffa294e8972:   f0 55 00 4c 89 6c 24 78 bf 01 00 00 00 8b d7 4c
0x00007ffa294e8982:   89 74 24 70 4c 89 7c 24 68 e8 f0 29 e7 ff 48 8b
0x00007ffa294e8992:   9c 24 e0 00 00 00 41 81 fc 05 14 00 00 75 18 8b
0x00007ffa294e89a2:   44 b3 fc 4c 8d 6e ff 8b 0b 44 8b f0 3b c8 44 0f
0x00007ffa294e89b2:   47 f1 0f 42 c1 eb 5c 41 81 fc 03 14 00 00 75 23
0x00007ffa294e89c2:   0f b7 4c 73 fe 4c 8d 6e ff 0f b7 13 0f b7 c1 66
0x00007ffa294e89d2:   3b d1 66 0f 47 c2 66 0f 42 ca 44 0f b7 f0 0f b7
0x00007ffa294e89e2:   c1 eb 30 41 81 fc 01 14 00 00 0f 85 95 07 00 00
0x00007ffa294e89f2:   0f b6 54 33 ff 4c 8d 6e ff 44 0f b6 03 8b ca 44
0x00007ffa294e8a02:   3a c2 41 0f 47 c8 44 0f b6 f1 8b ca 41 0f 42 c8
0x00007ffa294e8a12:   0f b6 c1 48 8b 8c 24 b0 00 00 00 44 8d 7e ff 44
0x00007ffa294e8a22:   2b f0 e8 37 0c 00 00 48 8b 84 24 b0 00 00 00 44
0x00007ffa294e8a32:   8b 50 78 41 8b c2 41 0f af c6 44 89 94 24 d8 00
0x00007ffa294e8a42:   00 00 3b 85 ec ee 55 00 0f 8f 37 07 00 00 0f 29
0x00007ffa294e8a52:   74 24 50 41 81 fc 05 14 00 00 0f 85 15 01 00 00
0x00007ffa294e8a62:   44 8b 0b 45 8b f1 48 8d 53 04 3b f7 0f 8e 8d 03
0x00007ffa294e8a72:   00 00 41 83 ff 08 0f 82 be 00 00 00 83 3d 8b a6
0x00007ffa294e8a82:   cf 01 02 0f 8c b1 00 00 00 41 81 e7 07 00 00 80
0x00007ffa294e8a92:   7d 0a 41 ff cf 41 83 cf f8 41 ff c7 66 41 0f 6e
0x00007ffa294e8aa2:   c9 8b c6 66 0f 70 c9 00 41 2b c7 66 0f 6f d9 66
0x00007ffa294e8ab2:   0f 6f e1 66 0f 6f d1 0f 1f 80 00 00 00 00 f3 0f 


Stack slot to memory mapping:
stack at sp + 0 slots: 0x000000000000000c is an unknown value
stack at sp + 1 slots: 0x000000739ecff0f0 is pointing into the stack for thread: 0x00000202c60a4480
stack at sp + 2 slots: 0x0 is NULL
stack at sp + 3 slots: 0x00000202d12bad96 is at entry_point+246 in (nmethod*)0x00000202d12bab10
stack at sp + 4 slots: 0x0000000000000010 is an unknown value
stack at sp + 5 slots: 0x000000739ecff100 is pointing into the stack for thread: 0x00000202c60a4480
stack at sp + 6 slots: 0x0000000000000001 is an unknown value
stack at sp + 7 slots: 